Copyright 1986-2022 Xilinx, Inc. All Rights Reserved. Copyright 2022-2025 Advanced Micro Devices, Inc. All Rights Reserved.
---------------------------------------------------------------------------------------------------------------------------------------------------------------------------------------------------------------------------------
| Tool Version : Vivado v.2025.2 (win64) Build 6299465 Fri Nov 14 19:35:11 GMT 2025
| Date         : Wed Jun  3 15:18:19 2026
| Host         : LAPTOP-GCBPHAMF running 64-bit major release  (build 9200)
| Command      : report_timing_summary -max_paths 10 -routable_nets -report_unconstrained -file par_gen_timing_summary_routed.rpt -pb par_gen_timing_summary_routed.pb -rpx par_gen_timing_summary_routed.rpx -warn_on_violation
| Design       : par_gen
| Device       : xa7s6-ftgb196
| Speed File   : -1I  PRODUCTION 1.16 2018-06-13
| Design State : Routed
---------------------------------------------------------------------------------------------------------------------------------------------------------------------------------------------------------------------------------

Timing Summary Report

------------------------------------------------------------------------------------------------
| Timer Settings
| --------------
------------------------------------------------------------------------------------------------

  Enable Multi Corner Analysis               :  Yes
  Enable Pessimism Removal                   :  Yes
  Pessimism Removal Resolution               :  Nearest Common Node
  Enable Input Delay Default Clock           :  No
  Enable Preset / Clear Arcs                 :  No
  Disable Flight Delays                      :  No
  Ignore I/O Paths                           :  No
  Timing Early Launch at Borrowing Latches   :  No
  Borrow Time for Max Delay Exceptions       :  Yes
  Merge Timing Exceptions                    :  Yes
  Inter-SLR Compensation                     :  Conservative

  Corner  Analyze    Analyze    
  Name    Max Paths  Min Paths  
  ------  ---------  ---------  
  Slow    Yes        Yes        
  Fast    Yes        Yes        


------------------------------------------------------------------------------------------------
| Report Methodology
| ------------------
------------------------------------------------------------------------------------------------

No report available as report_methodology has not been run prior. Run report_methodology on the current design for the summary of methodology violations.



check_timing report

Table of Contents
-----------------
1. checking no_clock (0)
2. checking constant_clock (0)
3. checking pulse_width_clock (0)
4. checking unconstrained_internal_endpoints (0)
5. checking no_input_delay (0)
6. checking no_output_delay (0)
7. checking multiple_clock (0)
8. checking generated_clocks (0)
9. checking loops (0)
10. checking partial_input_delay (0)
11. checking partial_output_delay (0)
12. checking latch_loops (0)

1. checking no_clock (0)
------------------------
 There are 0 register/latch pins with no clock.


2. checking constant_clock (0)
------------------------------
 There are 0 register/latch pins with constant_clock.


3. checking pulse_width_clock (0)
---------------------------------
 There are 0 register/latch pins which need pulse_width check


4. checking unconstrained_internal_endpoints (0)
------------------------------------------------
 There are 0 pins that are not constrained for maximum delay.

 There are 0 pins that are not constrained for maximum delay due to constant clock.


5. checking no_input_delay (0)
------------------------------
 There are 0 input ports with no input delay specified.

 There are 0 input ports with no input delay but user has a false path constraint.


6. checking no_output_delay (0)
-------------------------------
 There are 0 ports with no output delay specified.

 There are 0 ports with no output delay but user has a false path constraint

 There are 0 ports with no output delay but with a timing clock defined on it or propagating through it


7. checking multiple_clock (0)
------------------------------
 There are 0 register/latch pins with multiple clocks.


8. checking generated_clocks (0)
--------------------------------
 There are 0 generated clocks that are not connected to a clock source.


9. checking loops (0)
---------------------
 There are 0 combinational loops in the design.


10. checking partial_input_delay (0)
------------------------------------
 There are 0 input ports with partial input delay specified.


11. checking partial_output_delay (0)
-------------------------------------
 There are 0 ports with partial output delay specified.


12. checking latch_loops (0)
----------------------------
 There are 0 combinational latch loops in the design through latch input



------------------------------------------------------------------------------------------------
| Design Timing Summary
| ---------------------
------------------------------------------------------------------------------------------------

    WNS(ns)      TNS(ns)  TNS Failing Endpoints  TNS Total Endpoints      WHS(ns)      THS(ns)  THS Failing Endpoints  THS Total Endpoints     WPWS(ns)     TPWS(ns)  TPWS Failing Endpoints  TPWS Total Endpoints  
    -------      -------  ---------------------  -------------------      -------      -------  ---------------------  -------------------     --------     --------  ----------------------  --------------------  
        inf        0.000                      0                    9          inf        0.000                      0                    9           NA           NA                      NA                    NA  


There are no user specified timing constraints.


------------------------------------------------------------------------------------------------
| Clock Summary
| -------------
------------------------------------------------------------------------------------------------


------------------------------------------------------------------------------------------------
| Intra Clock Table
| -----------------
------------------------------------------------------------------------------------------------

Clock             WNS(ns)      TNS(ns)  TNS Failing Endpoints  TNS Total Endpoints      WHS(ns)      THS(ns)  THS Failing Endpoints  THS Total Endpoints     WPWS(ns)     TPWS(ns)  TPWS Failing Endpoints  TPWS Total Endpoints  
-----             -------      -------  ---------------------  -------------------      -------      -------  ---------------------  -------------------     --------     --------  ----------------------  --------------------  


------------------------------------------------------------------------------------------------
| Inter Clock Table
| -----------------
------------------------------------------------------------------------------------------------

From Clock    To Clock          WNS(ns)      TNS(ns)  TNS Failing Endpoints  TNS Total Endpoints      WHS(ns)      THS(ns)  THS Failing Endpoints  THS Total Endpoints  
----------    --------          -------      -------  ---------------------  -------------------      -------      -------  ---------------------  -------------------  


------------------------------------------------------------------------------------------------
| Other Path Groups Table
| -----------------------
------------------------------------------------------------------------------------------------

Path Group    From Clock    To Clock          WNS(ns)      TNS(ns)  TNS Failing Endpoints  TNS Total Endpoints      WHS(ns)      THS(ns)  THS Failing Endpoints  THS Total Endpoints  
----------    ----------    --------          -------      -------  ---------------------  -------------------      -------      -------  ---------------------  -------------------  


------------------------------------------------------------------------------------------------
| User Ignored Path Table
| -----------------------
------------------------------------------------------------------------------------------------

Path Group    From Clock    To Clock    
----------    ----------    --------    


------------------------------------------------------------------------------------------------
| Unconstrained Path Table
| ------------------------
------------------------------------------------------------------------------------------------

Path Group    From Clock    To Clock    
----------    ----------    --------    
(none)                                    


------------------------------------------------------------------------------------------------
| Timing Details
| --------------
------------------------------------------------------------------------------------------------


--------------------------------------------------------------------------------------
Path Group:  (none)
From Clock:  
  To Clock:  

Max Delay             9 Endpoints
Min Delay             9 Endpoints
--------------------------------------------------------------------------------------


Max Delay Paths
--------------------------------------------------------------------------------------
Slack:                    inf
  Source:                 x[0]
                            (input port)
  Destination:            y[8]
                            (output port)
  Path Group:             (none)
  Path Type:              Max at Slow Process Corner
  Data Path Delay:        7.558ns  (logic 3.763ns (49.792%)  route 3.795ns (50.208%))
  Logic Levels:           4  (IBUF=1 LUT4=1 LUT5=1 OBUF=1)

    Location             Delay type                Incr(ns)  Path(ns)    Netlist Resource(s)
  -------------------------------------------------------------------    -------------------
    M10                                               0.000     0.000 r  x[0] (IN)
                         net (fo=0)                   0.000     0.000    x[0]
    M10                  IBUF (Prop_ibuf_I_O)         0.924     0.924 r  x_IBUF[0]_inst/O
                         net (fo=2, routed)           1.483     2.408    y_OBUF[0]
    SLICE_X0Y8           LUT4 (Prop_lut4_I2_O)        0.124     2.532 r  y_OBUF[8]_inst_i_2/O
                         net (fo=1, routed)           0.444     2.976    y_OBUF[8]_inst_i_2_n_0
    SLICE_X0Y8           LUT5 (Prop_lut5_I4_O)        0.124     3.100 r  y_OBUF[8]_inst_i_1/O
                         net (fo=1, routed)           1.867     4.967    y_OBUF[8]
    J11                  OBUF (Prop_obuf_I_O)         2.591     7.558 r  y_OBUF[8]_inst/O
                         net (fo=0)                   0.000     7.558    y[8]
    J11                                                               r  y[8] (OUT)
  -------------------------------------------------------------------    -------------------

Slack:                    inf
  Source:                 x[5]
                            (input port)
  Destination:            y[5]
                            (output port)
  Path Group:             (none)
  Path Type:              Max at Slow Process Corner
  Data Path Delay:        5.909ns  (logic 3.571ns (60.429%)  route 2.338ns (39.571%))
  Logic Levels:           2  (IBUF=1 OBUF=1)

    Location             Delay type                Incr(ns)  Path(ns)    Netlist Resource(s)
  -------------------------------------------------------------------    -------------------
    P13                                               0.000     0.000 r  x[5] (IN)
                         net (fo=0)                   0.000     0.000    x[5]
    P13                  IBUF (Prop_ibuf_I_O)         0.972     0.972 r  x_IBUF[5]_inst/O
                         net (fo=2, routed)           2.338     3.310    y_OBUF[5]
    J14                  OBUF (Prop_obuf_I_O)         2.598     5.909 r  y_OBUF[5]_inst/O
                         net (fo=0)                   0.000     5.909    y[5]
    J14                                                               r  y[5] (OUT)
  -------------------------------------------------------------------    -------------------

Slack:                    inf
  Source:                 x[6]
                            (input port)
  Destination:            y[6]
                            (output port)
  Path Group:             (none)
  Path Type:              Max at Slow Process Corner
  Data Path Delay:        5.711ns  (logic 3.572ns (62.546%)  route 2.139ns (37.454%))
  Logic Levels:           2  (IBUF=1 OBUF=1)

    Location             Delay type                Incr(ns)  Path(ns)    Netlist Resource(s)
  -------------------------------------------------------------------    -------------------
    P12                                               0.000     0.000 r  x[6] (IN)
                         net (fo=0)                   0.000     0.000    x[6]
    P12                  IBUF (Prop_ibuf_I_O)         0.976     0.976 r  x_IBUF[6]_inst/O
                         net (fo=2, routed)           2.139     3.115    y_OBUF[6]
    J13                  OBUF (Prop_obuf_I_O)         2.596     5.711 r  y_OBUF[6]_inst/O
                         net (fo=0)                   0.000     5.711    y[6]
    J13                                                               r  y[6] (OUT)
  -------------------------------------------------------------------    -------------------

Slack:                    inf
  Source:                 x[2]
                            (input port)
  Destination:            y[2]
                            (output port)
  Path Group:             (none)
  Path Type:              Max at Slow Process Corner
  Data Path Delay:        5.705ns  (logic 3.564ns (62.471%)  route 2.141ns (37.529%))
  Logic Levels:           2  (IBUF=1 OBUF=1)

    Location             Delay type                Incr(ns)  Path(ns)    Netlist Resource(s)
  -------------------------------------------------------------------    -------------------
    P10                                               0.000     0.000 r  x[2] (IN)
                         net (fo=0)                   0.000     0.000    x[2]
    P10                  IBUF (Prop_ibuf_I_O)         0.949     0.949 r  x_IBUF[2]_inst/O
                         net (fo=2, routed)           2.141     3.090    y_OBUF[2]
    M11                  OBUF (Prop_obuf_I_O)         2.615     5.705 r  y_OBUF[2]_inst/O
                         net (fo=0)                   0.000     5.705    y[2]
    M11                                                               r  y[2] (OUT)
  -------------------------------------------------------------------    -------------------

Slack:                    inf
  Source:                 x[0]
                            (input port)
  Destination:            y[0]
                            (output port)
  Path Group:             (none)
  Path Type:              Max at Slow Process Corner
  Data Path Delay:        5.697ns  (logic 3.559ns (62.474%)  route 2.138ns (37.526%))
  Logic Levels:           2  (IBUF=1 OBUF=1)

    Location             Delay type                Incr(ns)  Path(ns)    Netlist Resource(s)
  -------------------------------------------------------------------    -------------------
    M10                                               0.000     0.000 r  x[0] (IN)
                         net (fo=0)                   0.000     0.000    x[0]
    M10                  IBUF (Prop_ibuf_I_O)         0.924     0.924 r  x_IBUF[0]_inst/O
                         net (fo=2, routed)           2.138     3.062    y_OBUF[0]
    N14                  OBUF (Prop_obuf_I_O)         2.635     5.697 r  y_OBUF[0]_inst/O
                         net (fo=0)                   0.000     5.697    y[0]
    N14                                                               r  y[0] (OUT)
  -------------------------------------------------------------------    -------------------

Slack:                    inf
  Source:                 x[7]
                            (input port)
  Destination:            y[7]
                            (output port)
  Path Group:             (none)
  Path Type:              Max at Slow Process Corner
  Data Path Delay:        5.697ns  (logic 3.558ns (62.458%)  route 2.139ns (37.542%))
  Logic Levels:           2  (IBUF=1 OBUF=1)

    Location             Delay type                Incr(ns)  Path(ns)    Netlist Resource(s)
  -------------------------------------------------------------------    -------------------
    M14                                               0.000     0.000 r  x[7] (IN)
                         net (fo=0)                   0.000     0.000    x[7]
    M14                  IBUF (Prop_ibuf_I_O)         0.970     0.970 r  x_IBUF[7]_inst/O
                         net (fo=2, routed)           2.139     3.109    y_OBUF[7]
    J12                  OBUF (Prop_obuf_I_O)         2.589     5.697 r  y_OBUF[7]_inst/O
                         net (fo=0)                   0.000     5.697    y[7]
    J12                                                               r  y[7] (OUT)
  -------------------------------------------------------------------    -------------------

Slack:                    inf
  Source:                 x[1]
                            (input port)
  Destination:            y[1]
                            (output port)
  Path Group:             (none)
  Path Type:              Max at Slow Process Corner
  Data Path Delay:        5.692ns  (logic 3.554ns (62.442%)  route 2.138ns (37.558%))
  Logic Levels:           2  (IBUF=1 OBUF=1)

    Location             Delay type                Incr(ns)  Path(ns)    Netlist Resource(s)
  -------------------------------------------------------------------    -------------------
    P11                                               0.000     0.000 r  x[1] (IN)
                         net (fo=0)                   0.000     0.000    x[1]
    P11                  IBUF (Prop_ibuf_I_O)         0.944     0.944 r  x_IBUF[1]_inst/O
                         net (fo=2, routed)           2.138     3.082    y_OBUF[1]
    M12                  OBUF (Prop_obuf_I_O)         2.610     5.692 r  y_OBUF[1]_inst/O
                         net (fo=0)                   0.000     5.692    y[1]
    M12                                                               r  y[1] (OUT)
  -------------------------------------------------------------------    -------------------

Slack:                    inf
  Source:                 x[4]
                            (input port)
  Destination:            y[4]
                            (output port)
  Path Group:             (none)
  Path Type:              Max at Slow Process Corner
  Data Path Delay:        5.670ns  (logic 3.529ns (62.241%)  route 2.141ns (37.759%))
  Logic Levels:           2  (IBUF=1 OBUF=1)

    Location             Delay type                Incr(ns)  Path(ns)    Netlist Resource(s)
  -------------------------------------------------------------------    -------------------
    N10                                               0.000     0.000 r  x[4] (IN)
                         net (fo=0)                   0.000     0.000    x[4]
    N10                  IBUF (Prop_ibuf_I_O)         0.938     0.938 r  x_IBUF[4]_inst/O
                         net (fo=2, routed)           2.141     3.079    y_OBUF[4]
    K11                  OBUF (Prop_obuf_I_O)         2.592     5.670 r  y_OBUF[4]_inst/O
                         net (fo=0)                   0.000     5.670    y[4]
    K11                                                               r  y[4] (OUT)
  -------------------------------------------------------------------    -------------------

Slack:                    inf
  Source:                 x[3]
                            (input port)
  Destination:            y[3]
                            (output port)
  Path Group:             (none)
  Path Type:              Max at Slow Process Corner
  Data Path Delay:        5.666ns  (logic 3.525ns (62.216%)  route 2.141ns (37.784%))
  Logic Levels:           2  (IBUF=1 OBUF=1)

    Location             Delay type                Incr(ns)  Path(ns)    Netlist Resource(s)
  -------------------------------------------------------------------    -------------------
    N11                                               0.000     0.000 r  x[3] (IN)
                         net (fo=0)                   0.000     0.000    x[3]
    N11                  IBUF (Prop_ibuf_I_O)         0.938     0.938 r  x_IBUF[3]_inst/O
                         net (fo=2, routed)           2.141     3.079    y_OBUF[3]
    K12                  OBUF (Prop_obuf_I_O)         2.588     5.666 r  y_OBUF[3]_inst/O
                         net (fo=0)                   0.000     5.666    y[3]
    K12                                                               r  y[3] (OUT)
  -------------------------------------------------------------------    -------------------





Min Delay Paths
--------------------------------------------------------------------------------------
Slack:                    inf
  Source:                 x[3]
                            (input port)
  Destination:            y[3]
                            (output port)
  Path Group:             (none)
  Path Type:              Min at Fast Process Corner
  Data Path Delay:        1.736ns  (logic 1.272ns (73.268%)  route 0.464ns (26.732%))
  Logic Levels:           2  (IBUF=1 OBUF=1)

    Location             Delay type                Incr(ns)  Path(ns)    Netlist Resource(s)
  -------------------------------------------------------------------    -------------------
    N11                                               0.000     0.000 r  x[3] (IN)
                         net (fo=0)                   0.000     0.000    x[3]
    N11                  IBUF (Prop_ibuf_I_O)         0.167     0.167 r  x_IBUF[3]_inst/O
                         net (fo=2, routed)           0.464     0.631    y_OBUF[3]
    K12                  OBUF (Prop_obuf_I_O)         1.105     1.736 r  y_OBUF[3]_inst/O
                         net (fo=0)                   0.000     1.736    y[3]
    K12                                                               r  y[3] (OUT)
  -------------------------------------------------------------------    -------------------

Slack:                    inf
  Source:                 x[4]
                            (input port)
  Destination:            y[4]
                            (output port)
  Path Group:             (none)
  Path Type:              Min at Fast Process Corner
  Data Path Delay:        1.740ns  (logic 1.276ns (73.325%)  route 0.464ns (26.675%))
  Logic Levels:           2  (IBUF=1 OBUF=1)

    Location             Delay type                Incr(ns)  Path(ns)    Netlist Resource(s)
  -------------------------------------------------------------------    -------------------
    N10                                               0.000     0.000 r  x[4] (IN)
                         net (fo=0)                   0.000     0.000    x[4]
    N10                  IBUF (Prop_ibuf_I_O)         0.167     0.167 r  x_IBUF[4]_inst/O
                         net (fo=2, routed)           0.464     0.631    y_OBUF[4]
    K11                  OBUF (Prop_obuf_I_O)         1.109     1.740 r  y_OBUF[4]_inst/O
                         net (fo=0)                   0.000     1.740    y[4]
    K11                                                               r  y[4] (OUT)
  -------------------------------------------------------------------    -------------------

Slack:                    inf
  Source:                 x[1]
                            (input port)
  Destination:            y[1]
                            (output port)
  Path Group:             (none)
  Path Type:              Min at Fast Process Corner
  Data Path Delay:        1.761ns  (logic 1.300ns (73.832%)  route 0.461ns (26.168%))
  Logic Levels:           2  (IBUF=1 OBUF=1)

    Location             Delay type                Incr(ns)  Path(ns)    Netlist Resource(s)
  -------------------------------------------------------------------    -------------------
    P11                                               0.000     0.000 r  x[1] (IN)
                         net (fo=0)                   0.000     0.000    x[1]
    P11                  IBUF (Prop_ibuf_I_O)         0.173     0.173 r  x_IBUF[1]_inst/O
                         net (fo=2, routed)           0.461     0.634    y_OBUF[1]
    M12                  OBUF (Prop_obuf_I_O)         1.127     1.761 r  y_OBUF[1]_inst/O
                         net (fo=0)                   0.000     1.761    y[1]
    M12                                                               r  y[1] (OUT)
  -------------------------------------------------------------------    -------------------

Slack:                    inf
  Source:                 x[7]
                            (input port)
  Destination:            y[7]
                            (output port)
  Path Group:             (none)
  Path Type:              Min at Fast Process Corner
  Data Path Delay:        1.766ns  (logic 1.304ns (73.853%)  route 0.462ns (26.147%))
  Logic Levels:           2  (IBUF=1 OBUF=1)

    Location             Delay type                Incr(ns)  Path(ns)    Netlist Resource(s)
  -------------------------------------------------------------------    -------------------
    M14                                               0.000     0.000 r  x[7] (IN)
                         net (fo=0)                   0.000     0.000    x[7]
    M14                  IBUF (Prop_ibuf_I_O)         0.199     0.199 r  x_IBUF[7]_inst/O
                         net (fo=2, routed)           0.462     0.660    y_OBUF[7]
    J12                  OBUF (Prop_obuf_I_O)         1.106     1.766 r  y_OBUF[7]_inst/O
                         net (fo=0)                   0.000     1.766    y[7]
    J12                                                               r  y[7] (OUT)
  -------------------------------------------------------------------    -------------------

Slack:                    inf
  Source:                 x[0]
                            (input port)
  Destination:            y[0]
                            (output port)
  Path Group:             (none)
  Path Type:              Min at Fast Process Corner
  Data Path Delay:        1.766ns  (logic 1.305ns (73.901%)  route 0.461ns (26.099%))
  Logic Levels:           2  (IBUF=1 OBUF=1)

    Location             Delay type                Incr(ns)  Path(ns)    Netlist Resource(s)
  -------------------------------------------------------------------    -------------------
    M10                                               0.000     0.000 r  x[0] (IN)
                         net (fo=0)                   0.000     0.000    x[0]
    M10                  IBUF (Prop_ibuf_I_O)         0.153     0.153 r  x_IBUF[0]_inst/O
                         net (fo=2, routed)           0.461     0.614    y_OBUF[0]
    N14                  OBUF (Prop_obuf_I_O)         1.152     1.766 r  y_OBUF[0]_inst/O
                         net (fo=0)                   0.000     1.766    y[0]
    N14                                                               r  y[0] (OUT)
  -------------------------------------------------------------------    -------------------

Slack:                    inf
  Source:                 x[2]
                            (input port)
  Destination:            y[2]
                            (output port)
  Path Group:             (none)
  Path Type:              Min at Fast Process Corner
  Data Path Delay:        1.774ns  (logic 1.310ns (73.842%)  route 0.464ns (26.158%))
  Logic Levels:           2  (IBUF=1 OBUF=1)

    Location             Delay type                Incr(ns)  Path(ns)    Netlist Resource(s)
  -------------------------------------------------------------------    -------------------
    P10                                               0.000     0.000 r  x[2] (IN)
                         net (fo=0)                   0.000     0.000    x[2]
    P10                  IBUF (Prop_ibuf_I_O)         0.178     0.178 r  x_IBUF[2]_inst/O
                         net (fo=2, routed)           0.464     0.642    y_OBUF[2]
    M11                  OBUF (Prop_obuf_I_O)         1.132     1.774 r  y_OBUF[2]_inst/O
                         net (fo=0)                   0.000     1.774    y[2]
    M11                                                               r  y[2] (OUT)
  -------------------------------------------------------------------    -------------------

Slack:                    inf
  Source:                 x[6]
                            (input port)
  Destination:            y[6]
                            (output port)
  Path Group:             (none)
  Path Type:              Min at Fast Process Corner
  Data Path Delay:        1.780ns  (logic 1.318ns (74.046%)  route 0.462ns (25.954%))
  Logic Levels:           2  (IBUF=1 OBUF=1)

    Location             Delay type                Incr(ns)  Path(ns)    Netlist Resource(s)
  -------------------------------------------------------------------    -------------------
    P12                                               0.000     0.000 r  x[6] (IN)
                         net (fo=0)                   0.000     0.000    x[6]
    P12                  IBUF (Prop_ibuf_I_O)         0.204     0.204 r  x_IBUF[6]_inst/O
                         net (fo=2, routed)           0.462     0.666    y_OBUF[6]
    J13                  OBUF (Prop_obuf_I_O)         1.113     1.780 r  y_OBUF[6]_inst/O
                         net (fo=0)                   0.000     1.780    y[6]
    J13                                                               r  y[6] (OUT)
  -------------------------------------------------------------------    -------------------

Slack:                    inf
  Source:                 x[5]
                            (input port)
  Destination:            y[5]
                            (output port)
  Path Group:             (none)
  Path Type:              Min at Fast Process Corner
  Data Path Delay:        1.946ns  (logic 1.316ns (67.664%)  route 0.629ns (32.336%))
  Logic Levels:           2  (IBUF=1 OBUF=1)

    Location             Delay type                Incr(ns)  Path(ns)    Netlist Resource(s)
  -------------------------------------------------------------------    -------------------
    P13                                               0.000     0.000 r  x[5] (IN)
                         net (fo=0)                   0.000     0.000    x[5]
    P13                  IBUF (Prop_ibuf_I_O)         0.201     0.201 r  x_IBUF[5]_inst/O
                         net (fo=2, routed)           0.629     0.830    y_OBUF[5]
    J14                  OBUF (Prop_obuf_I_O)         1.115     1.946 r  y_OBUF[5]_inst/O
                         net (fo=0)                   0.000     1.946    y[5]
    J14                                                               r  y[5] (OUT)
  -------------------------------------------------------------------    -------------------

Slack:                    inf
  Source:                 x[3]
                            (input port)
  Destination:            y[8]
                            (output port)
  Path Group:             (none)
  Path Type:              Min at Fast Process Corner
  Data Path Delay:        2.183ns  (logic 1.320ns (60.472%)  route 0.863ns (39.528%))
  Logic Levels:           3  (IBUF=1 LUT5=1 OBUF=1)

    Location             Delay type                Incr(ns)  Path(ns)    Netlist Resource(s)
  -------------------------------------------------------------------    -------------------
    N11                                               0.000     0.000 r  x[3] (IN)
                         net (fo=0)                   0.000     0.000    x[3]
    N11                  IBUF (Prop_ibuf_I_O)         0.167     0.167 r  x_IBUF[3]_inst/O
                         net (fo=2, routed)           0.438     0.604    y_OBUF[3]
    SLICE_X0Y8           LUT5 (Prop_lut5_I0_O)        0.045     0.649 r  y_OBUF[8]_inst_i_1/O
                         net (fo=1, routed)           0.425     1.074    y_OBUF[8]
    J11                  OBUF (Prop_obuf_I_O)         1.108     2.183 r  y_OBUF[8]_inst/O
                         net (fo=0)                   0.000     2.183    y[8]
    J11                                                               r  y[8] (OUT)
  -------------------------------------------------------------------    -------------------





